<?xml version="1.0" encoding="UTF-8"?>
<testsuite name="agh.ics.oop.GrassFieldTest" tests="1" skipped="0" failures="0" errors="0" timestamp="2021-12-09T12:06:10" hostname="DESKTOP-Q8RF19I" time="0.044">
  <properties/>
  <testcase name="testMovement()" classname="agh.ics.oop.GrassFieldTest" time="0.044"/>
  <system-out><![CDATA[]]></system-out>
  <system-err><![CDATA[]]></system-err>
</testsuite>
